<?xml version="1.0" encoding="UTF-8"?>
<testng-results ignored="0" total="1" passed="1" failed="0" skipped="0">
  <reporter-output>
  </reporter-output>
  <suite started-at="2023-02-23T23:26:20 IST" name="Default suite" finished-at="2023-02-23T23:26:23 IST" duration-ms="2870">
    <groups>
    </groups>
    <test started-at="2023-02-23T23:26:20 IST" name="Default test" finished-at="2023-02-23T23:26:23 IST" duration-ms="2870">
      <class name="com.venucvg.TestNG.NewTest">
        <test-method is-config="true" signature="IntializeBrowser()[pri:0, instance:com.venucvg.TestNG.NewTest@2892d68]" started-at="2023-02-23T23:26:20 IST" name="IntializeBrowser" finished-at="2023-02-23T23:26:22 IST" duration-ms="1700" status="PASS">
          <reporter-output>
          </reporter-output>
        </test-method> <!-- IntializeBrowser -->
        <test-method signature="Google()[pri:0, instance:com.venucvg.TestNG.NewTest@2892d68]" started-at="2023-02-23T23:26:22 IST" name="Google" finished-at="2023-02-23T23:26:23 IST" duration-ms="961" status="PASS">
          <reporter-output>
          </reporter-output>
        </test-method> <!-- Google -->
        <test-method is-config="true" signature="TearDown()[pri:0, instance:com.venucvg.TestNG.NewTest@2892d68]" started-at="2023-02-23T23:26:23 IST" name="TearDown" finished-at="2023-02-23T23:26:23 IST" duration-ms="178" status="PASS">
          <reporter-output>
          </reporter-output>
        </test-method> <!-- TearDown -->
      </class> <!-- com.venucvg.TestNG.NewTest -->
    </test> <!-- Default test -->
  </suite> <!-- Default suite -->
</testng-results>
